This is pdfTeX, Version 3.141592653-2.6-1.40.28 (TeX Live 2025) (preloaded format=pdflatex 2025.11.28)  18 DEC 2025 14:28
entering extended mode
 restricted \write18 enabled.
 file:line:error style messages enabled.
 %&-line parsing enabled.
**/Users/muhammadaufahelfiandri/Documents/SML_project_template/SML_main_report.tex
(/Users/muhammadaufahelfiandri/Documents/SML_project_template/SML_main_report.tex
LaTeX2e <2025-11-01>
L3 programming layer <2025-11-14>
(/usr/local/texlive/2025/texmf-dist/tex/latex/base/article.cls
Document Class: article 2025/01/22 v1.4n Standard LaTeX document class
(/usr/local/texlive/2025/texmf-dist/tex/latex/base/size10.clo
File: size10.clo 2025/01/22 v1.4n Standard LaTeX file (size option)
)
\c@part=\count275
\c@section=\count276
\c@subsection=\count277
\c@subsubsection=\count278
\c@paragraph=\count279
\c@subparagraph=\count280
\c@figure=\count281
\c@table=\count282
\abovecaptionskip=\skip49
\belowcaptionskip=\skip50
\bibindent=\dimen148
) (./neurips_2024.sty
Package: neurips_2024 2024/03/31 NeurIPS 2024 submission/camera-ready style file
 (/usr/local/texlive/2025/texmf-dist/tex/latex/environ/environ.sty
Package: environ 2014/05/04 v0.3 A new way to define environments
 (/usr/local/texlive/2025/texmf-dist/tex/latex/trimspaces/trimspaces.sty
Package: trimspaces 2009/09/17 v1.1 Trim spaces around a token list
)
\@envbody=\toks17
) (/usr/local/texlive/2025/texmf-dist/tex/latex/natbib/natbib.sty
Package: natbib 2010/09/13 8.31b (PWD, AO)
\bibhang=\skip51
\bibsep=\skip52
LaTeX Info: Redefining \cite on input line 694.
\c@NAT@ctr=\count283
) (/usr/local/texlive/2025/texmf-dist/tex/latex/geometry/geometry.sty
Package: geometry 2020/01/02 v5.9 Page Geometry
 (/usr/local/texlive/2025/texmf-dist/tex/latex/graphics/keyval.sty
Package: keyval 2022/05/29 v1.15 key=value parser (DPC)
\KV@toks@=\toks18
) (/usr/local/texlive/2025/texmf-dist/tex/generic/iftex/ifvtex.sty
Package: ifvtex 2019/10/25 v1.7 ifvtex legacy package. Use iftex instead.
 (/usr/local/texlive/2025/texmf-dist/tex/generic/iftex/iftex.sty
Package: iftex 2024/12/12 v1.0g TeX engine tests
))
\Gm@cnth=\count284
\Gm@cntv=\count285
\c@Gm@tempcnt=\count286
\Gm@bindingoffset=\dimen149
\Gm@wd@mp=\dimen150
\Gm@odd@mp=\dimen151
\Gm@even@mp=\dimen152
\Gm@layoutwidth=\dimen153
\Gm@layoutheight=\dimen154
\Gm@layouthoffset=\dimen155
\Gm@layoutvoffset=\dimen156
\Gm@dimlist=\toks19
)
\@neuripsabovecaptionskip=\skip53
\@neuripsbelowcaptionskip=\skip54
 (/usr/local/texlive/2025/texmf-dist/tex/latex/lineno/lineno.sty
Package: lineno 2025/05/13 line numbers on paragraphs v5.5
 (/usr/local/texlive/2025/texmf-dist/tex/latex/etoolbox/etoolbox.sty
Package: etoolbox 2025/10/02 v2.5m e-TeX tools for LaTeX (JAW)
\etb@tempcnta=\count287
) (/usr/local/texlive/2025/texmf-dist/tex/latex/kvoptions/kvoptions.sty
Package: kvoptions 2022-06-15 v3.15 Key value format for package options (HO)
 (/usr/local/texlive/2025/texmf-dist/tex/generic/ltxcmds/ltxcmds.sty
Package: ltxcmds 2023-12-04 v1.26 LaTeX kernel commands for general use (HO)
) (/usr/local/texlive/2025/texmf-dist/tex/latex/kvsetkeys/kvsetkeys.sty
Package: kvsetkeys 2022-10-05 v1.19 Key value parser (HO)
))
\linenopenalty=\count288
\output=\toks20
\linenoprevgraf=\count289
\linenumbersep=\dimen157
\linenumberwidth=\dimen158
\c@linenumber=\count290
\c@pagewiselinenumber=\count291
\c@LN@truepage=\count292
\c@internallinenumber=\count293
\c@internallinenumbers=\count294
\quotelinenumbersep=\dimen159
\bframerule=\dimen160
\bframesep=\dimen161
\bframebox=\box53
)) (/usr/local/texlive/2025/texmf-dist/tex/latex/pdfpages/pdfpages.sty
Package: pdfpages 2025/07/23 v0.6g Insert pages of external PDF documents (AM)
 (/usr/local/texlive/2025/texmf-dist/tex/latex/base/ifthen.sty
Package: ifthen 2024/03/16 v1.1e Standard LaTeX ifthen package (DPC)
) (/usr/local/texlive/2025/texmf-dist/tex/latex/tools/calc.sty
Package: calc 2025/03/01 v4.3b Infix arithmetic (KKT,FJ)
\calc@Acount=\count295
\calc@Bcount=\count296
\calc@Adimen=\dimen162
\calc@Bdimen=\dimen163
\calc@Askip=\skip55
\calc@Bskip=\skip56
LaTeX Info: Redefining \setlength on input line 86.
LaTeX Info: Redefining \addtolength on input line 87.
\calc@Ccount=\count297
\calc@Cskip=\skip57
) (/usr/local/texlive/2025/texmf-dist/tex/latex/eso-pic/eso-pic.sty
Package: eso-pic 2023/05/03 v3.0c eso-pic (RN)
\ESO@tempdima=\dimen164
\ESO@tempdimb=\dimen165
 (/usr/local/texlive/2025/texmf-dist/tex/latex/xcolor/xcolor.sty
Package: xcolor 2024/09/29 v3.02 LaTeX color extensions (UK)
 (/usr/local/texlive/2025/texmf-dist/tex/latex/graphics-cfg/color.cfg
File: color.cfg 2016/01/02 v1.6 sample color configuration
)
Package xcolor Info: Driver file: pdftex.def on input line 274.
 (/usr/local/texlive/2025/texmf-dist/tex/latex/graphics-def/pdftex.def
File: pdftex.def 2025/09/29 v1.2d Graphics/color driver for pdftex
) (/usr/local/texlive/2025/texmf-dist/tex/latex/graphics/mathcolor.ltx)
Package xcolor Info: Model `cmy' substituted by `cmy0' on input line 1349.
Package xcolor Info: Model `hsb' substituted by `rgb' on input line 1353.
Package xcolor Info: Model `RGB' extended on input line 1365.
Package xcolor Info: Model `HTML' substituted by `rgb' on input line 1367.
Package xcolor Info: Model `Hsb' substituted by `hsb' on input line 1368.
Package xcolor Info: Model `tHsb' substituted by `hsb' on input line 1369.
Package xcolor Info: Model `HSB' substituted by `hsb' on input line 1370.
Package xcolor Info: Model `Gray' substituted by `gray' on input line 1371.
Package xcolor Info: Model `wave' substituted by `hsb' on input line 1372.
)) (/usr/local/texlive/2025/texmf-dist/tex/latex/graphics/graphicx.sty
Package: graphicx 2024/12/31 v1.2e Enhanced LaTeX Graphics (DPC,SPQR)
 (/usr/local/texlive/2025/texmf-dist/tex/latex/graphics/graphics.sty
Package: graphics 2024/08/06 v1.4g Standard LaTeX Graphics (DPC,SPQR)
 (/usr/local/texlive/2025/texmf-dist/tex/latex/graphics/trig.sty
Package: trig 2023/12/02 v1.11 sin cos tan (DPC)
) (/usr/local/texlive/2025/texmf-dist/tex/latex/graphics-cfg/graphics.cfg
File: graphics.cfg 2016/06/04 v1.11 sample graphics configuration
)
Package graphics Info: Driver file: pdftex.def on input line 106.
)
\Gin@req@height=\dimen166
\Gin@req@width=\dimen167
)
\AM@pagewidth=\dimen168
\AM@pageheight=\dimen169
\AM@fboxrule=\dimen170
 (/usr/local/texlive/2025/texmf-dist/tex/latex/pdfpages/pppdftex.def
File: pppdftex.def 2025/07/23 v0.6g Pdfpages driver for pdfTeX (AM)
)
\pdfpages@includegraphics@status=\count298
\AM@pagebox=\box54
\AM@global@opts=\toks21
\AM@pagecnt=\count299
\AM@toc@title=\toks22
\AM@lof@heading=\toks23
\c@AM@survey=\count300
\AM@templatesizebox=\box55
) (/usr/local/texlive/2025/texmf-dist/tex/latex/caption/caption.sty
Package: caption 2023/08/05 v3.6o Customizing captions (AR)
 (/usr/local/texlive/2025/texmf-dist/tex/latex/caption/caption3.sty
Package: caption3 2023/07/31 v2.4d caption3 kernel (AR)
\caption@tempdima=\dimen171
\captionmargin=\dimen172
\caption@leftmargin=\dimen173
\caption@rightmargin=\dimen174
\caption@width=\dimen175
\caption@indent=\dimen176
\caption@parindent=\dimen177
\caption@hangindent=\dimen178
Package caption Info: Standard document class detected.
)
\c@caption@flags=\count301
\c@continuedfloat=\count302
) (/usr/local/texlive/2025/texmf-dist/tex/latex/caption/subcaption.sty
Package: subcaption 2023/07/28 v1.6b Sub-captions (AR)
Package caption Info: New subtype `subfigure' on input line 238.
\c@subfigure=\count303
Package caption Info: New subtype `subtable' on input line 238.
\c@subtable=\count304
) (/usr/local/texlive/2025/texmf-dist/tex/latex/base/inputenc.sty
Package: inputenc 2024/02/08 v1.3d Input encoding file
\inpenc@prehook=\toks24
\inpenc@posthook=\toks25
) (/usr/local/texlive/2025/texmf-dist/tex/latex/base/fontenc.sty
Package: fontenc 2025/07/18 v2.1d Standard LaTeX package
LaTeX Font Info:    Trying to load font information for T1+ptm on input line 116.
 (/usr/local/texlive/2025/texmf-dist/tex/latex/psnfss/t1ptm.fd
File: t1ptm.fd 2001/06/04 font definitions for T1/ptm.
)) (/usr/local/texlive/2025/texmf-dist/tex/latex/hyperref/hyperref.sty
Package: hyperref 2025-07-12 v7.01o Hypertext links for LaTeX
 (/usr/local/texlive/2025/texmf-dist/tex/generic/kvdefinekeys/kvdefinekeys.sty
Package: kvdefinekeys 2019-12-19 v1.6 Define keys (HO)
) (/usr/local/texlive/2025/texmf-dist/tex/generic/pdfescape/pdfescape.sty
Package: pdfescape 2019/12/09 v1.15 Implements pdfTeX's escape features (HO)
 (/usr/local/texlive/2025/texmf-dist/tex/generic/pdftexcmds/pdftexcmds.sty
Package: pdftexcmds 2020-06-27 v0.33 Utility functions of pdfTeX for LuaTeX (HO)
 (/usr/local/texlive/2025/texmf-dist/tex/generic/infwarerr/infwarerr.sty
Package: infwarerr 2019/12/03 v1.5 Providing info/warning/error messages (HO)
)
Package pdftexcmds Info: \pdf@primitive is available.
Package pdftexcmds Info: \pdf@ifprimitive is available.
Package pdftexcmds Info: \pdfdraftmode found.
)) (/usr/local/texlive/2025/texmf-dist/tex/latex/hycolor/hycolor.sty
Package: hycolor 2020-01-27 v1.10 Color options for hyperref/bookmark (HO)
) (/usr/local/texlive/2025/texmf-dist/tex/latex/hyperref/nameref.sty
Package: nameref 2025-06-21 v2.57 Cross-referencing by name of section
 (/usr/local/texlive/2025/texmf-dist/tex/latex/refcount/refcount.sty
Package: refcount 2019/12/15 v3.6 Data extraction from label references (HO)
) (/usr/local/texlive/2025/texmf-dist/tex/generic/gettitlestring/gettitlestring.sty
Package: gettitlestring 2019/12/15 v1.6 Cleanup title references (HO)
)
\c@section@level=\count305
) (/usr/local/texlive/2025/texmf-dist/tex/generic/stringenc/stringenc.sty
Package: stringenc 2019/11/29 v1.12 Convert strings between diff. encodings (HO)
)
\@linkdim=\dimen179
\Hy@linkcounter=\count306
\Hy@pagecounter=\count307
 (/usr/local/texlive/2025/texmf-dist/tex/latex/hyperref/pd1enc.def
File: pd1enc.def 2025-07-12 v7.01o Hyperref: PDFDocEncoding definition (HO)
Now handling font encoding PD1 ...
... no UTF-8 mapping file for font encoding PD1
) (/usr/local/texlive/2025/texmf-dist/tex/generic/intcalc/intcalc.sty
Package: intcalc 2019/12/15 v1.3 Expandable calculations with integers (HO)
)
\Hy@SavedSpaceFactor=\count308
 (/usr/local/texlive/2025/texmf-dist/tex/latex/hyperref/puenc.def
File: puenc.def 2025-07-12 v7.01o Hyperref: PDF Unicode definition (HO)
Now handling font encoding PU ...
... no UTF-8 mapping file for font encoding PU
)
Package hyperref Info: Hyper figures OFF on input line 4195.
Package hyperref Info: Link nesting OFF on input line 4200.
Package hyperref Info: Hyper index ON on input line 4203.
Package hyperref Info: Plain pages OFF on input line 4210.
Package hyperref Info: Backreferencing OFF on input line 4215.
Package hyperref Info: Implicit mode ON; LaTeX internals redefined.
Package hyperref Info: Bookmarks ON on input line 4462.
\c@Hy@tempcnt=\count309
 (/usr/local/texlive/2025/texmf-dist/tex/latex/url/url.sty
\Urlmuskip=\muskip17
Package: url 2013/09/16  ver 3.4  Verb mode for urls, etc.
)
LaTeX Info: Redefining \url on input line 4801.
\XeTeXLinkMargin=\dimen180
 (/usr/local/texlive/2025/texmf-dist/tex/generic/bitset/bitset.sty
Package: bitset 2019/12/09 v1.3 Handle bit-vector datatype (HO)
 (/usr/local/texlive/2025/texmf-dist/tex/generic/bigintcalc/bigintcalc.sty
Package: bigintcalc 2019/12/15 v1.5 Expandable calculations on big integers (HO)
))
\Fld@menulength=\count310
\Field@Width=\dimen181
\Fld@charsize=\dimen182
Package hyperref Info: Hyper figures OFF on input line 6078.
Package hyperref Info: Link nesting OFF on input line 6083.
Package hyperref Info: Hyper index ON on input line 6086.
Package hyperref Info: backreferencing OFF on input line 6093.
Package hyperref Info: Link coloring OFF on input line 6098.
Package hyperref Info: Link coloring with OCG OFF on input line 6103.
Package hyperref Info: PDF/A mode OFF on input line 6108.
\Hy@abspage=\count311
\c@Item=\count312
\c@Hfootnote=\count313
)
Package hyperref Info: Driver (autodetected): hpdftex.
 (/usr/local/texlive/2025/texmf-dist/tex/latex/hyperref/hpdftex.def
File: hpdftex.def 2025-07-12 v7.01o Hyperref driver for pdfTeX
\Fld@listcount=\count314
\c@bookmark@seq@number=\count315
 (/usr/local/texlive/2025/texmf-dist/tex/latex/rerunfilecheck/rerunfilecheck.sty
Package: rerunfilecheck 2025-06-21 v1.11 Rerun checks for auxiliary files (HO)
 (/usr/local/texlive/2025/texmf-dist/tex/generic/uniquecounter/uniquecounter.sty
Package: uniquecounter 2019/12/15 v1.4 Provide unlimited unique counter (HO)
)
Package uniquecounter Info: New unique counter `rerunfilecheck' on input line 284.
)
\Hy@SectionHShift=\skip58
) (/usr/local/texlive/2025/texmf-dist/tex/latex/booktabs/booktabs.sty
Package: booktabs 2020/01/12 v1.61803398 Publication quality tables
\heavyrulewidth=\dimen183
\lightrulewidth=\dimen184
\cmidrulewidth=\dimen185
\belowrulesep=\dimen186
\belowbottomsep=\dimen187
\aboverulesep=\dimen188
\abovetopsep=\dimen189
\cmidrulesep=\dimen190
\cmidrulekern=\dimen191
\defaultaddspace=\dimen192
\@cmidla=\count316
\@cmidlb=\count317
\@aboverulesep=\dimen193
\@belowrulesep=\dimen194
\@thisruleclass=\count318
\@lastruleclass=\count319
\@thisrulewidth=\dimen195
) (/usr/local/texlive/2025/texmf-dist/tex/latex/amsfonts/amsfonts.sty
Package: amsfonts 2013/01/14 v3.01 Basic AMSFonts support
\@emptytoks=\toks26
\symAMSa=\mathgroup4
\symAMSb=\mathgroup5
LaTeX Font Info:    Redeclaring math symbol \hbar on input line 98.
LaTeX Font Info:    Overwriting math alphabet `\mathfrak' in version `bold'
(Font)                  U/euf/m/n --> U/euf/b/n on input line 106.
) (/usr/local/texlive/2025/texmf-dist/tex/latex/amsmath/amsmath.sty
Package: amsmath 2025/07/09 v2.17z AMS math features
\@mathmargin=\skip59

For additional information on amsmath, use the `?' option.
(/usr/local/texlive/2025/texmf-dist/tex/latex/amsmath/amstext.sty
Package: amstext 2024/11/17 v2.01 AMS text
 (/usr/local/texlive/2025/texmf-dist/tex/latex/amsmath/amsgen.sty
File: amsgen.sty 1999/11/30 v2.0 generic functions
\@emptytoks=\toks27
\ex@=\dimen196
)) (/usr/local/texlive/2025/texmf-dist/tex/latex/amsmath/amsbsy.sty
Package: amsbsy 1999/11/29 v1.2d Bold Symbols
\pmbraise@=\dimen197
) (/usr/local/texlive/2025/texmf-dist/tex/latex/amsmath/amsopn.sty
Package: amsopn 2022/04/08 v2.04 operator names
)
\inf@bad=\count320
LaTeX Info: Redefining \frac on input line 233.
\uproot@=\count321
\leftroot@=\count322
LaTeX Info: Redefining \overline on input line 398.
LaTeX Info: Redefining \colon on input line 409.
\classnum@=\count323
\DOTSCASE@=\count324
LaTeX Info: Redefining \ldots on input line 495.
LaTeX Info: Redefining \dots on input line 498.
LaTeX Info: Redefining \cdots on input line 619.
\Mathstrutbox@=\box56
\strutbox@=\box57
LaTeX Info: Redefining \big on input line 721.
LaTeX Info: Redefining \Big on input line 722.
LaTeX Info: Redefining \bigg on input line 723.
LaTeX Info: Redefining \Bigg on input line 724.
\big@size=\dimen198
LaTeX Font Info:    Redeclaring font encoding OML on input line 742.
LaTeX Font Info:    Redeclaring font encoding OMS on input line 743.
\macc@depth=\count325
LaTeX Info: Redefining \bmod on input line 904.
LaTeX Info: Redefining \pmod on input line 909.
LaTeX Info: Redefining \smash on input line 939.
LaTeX Info: Redefining \relbar on input line 969.
LaTeX Info: Redefining \Relbar on input line 970.
\c@MaxMatrixCols=\count326
\dotsspace@=\muskip18
\c@parentequation=\count327
\dspbrk@lvl=\count328
\tag@help=\toks28
\row@=\count329
\column@=\count330
\maxfields@=\count331
\andhelp@=\toks29
\eqnshift@=\dimen199
\alignsep@=\dimen256
\tagshift@=\dimen257
\tagwidth@=\dimen258
\totwidth@=\dimen259
\lineht@=\dimen260
\@envbody=\toks30
\multlinegap=\skip60
\multlinetaggap=\skip61
\mathdisplay@stack=\toks31
LaTeX Info: Redefining \[ on input line 2950.
LaTeX Info: Redefining \] on input line 2951.
)
\@LN@amsmath@ams@eqpen=\count332
 (/usr/local/texlive/2025/texmf-dist/tex/latex/units/nicefrac.sty
Package: nicefrac 1998/08/04 v0.9b Nice fractions
\L@UnitsRaiseDisplaystyle=\skip62
\L@UnitsRaiseTextstyle=\skip63
\L@UnitsRaiseScriptstyle=\skip64
) (/usr/local/texlive/2025/texmf-dist/tex/latex/microtype/microtype.sty
Package: microtype 2025/07/09 v3.2b Micro-typographical refinements (RS)
\MT@toks=\toks32
\MT@tempbox=\box58
\MT@count=\count333
LaTeX Info: Redefining \noprotrusionifhmode on input line 1087.
LaTeX Info: Redefining \leftprotrusion on input line 1088.
\MT@prot@toks=\toks33
LaTeX Info: Redefining \rightprotrusion on input line 1107.
LaTeX Info: Redefining \textls on input line 1449.
\MT@outer@kern=\dimen261
LaTeX Info: Redefining \microtypecontext on input line 2053.
LaTeX Info: Redefining \textmicrotypecontext on input line 2070.
\MT@listname@count=\count334
 (/usr/local/texlive/2025/texmf-dist/tex/latex/microtype/microtype-pdftex.def
File: microtype-pdftex.def 2025/07/09 v3.2b Definitions specific to pdftex (RS)
LaTeX Info: Redefining \lsstyle on input line 944.
LaTeX Info: Redefining \lslig on input line 944.
\MT@outer@space=\skip65
)
Package microtype Info: Loading configuration file microtype.cfg.
 (/usr/local/texlive/2025/texmf-dist/tex/latex/microtype/microtype.cfg
File: microtype.cfg 2025/07/09 v3.2b microtype main configuration file (RS)
)
LaTeX Info: Redefining \microtypesetup on input line 3065.
) (/usr/local/texlive/2025/texmf-dist/tex/latex/listings/listings.sty
\lst@mode=\count335
\lst@gtempboxa=\box59
\lst@token=\toks34
\lst@length=\count336
\lst@currlwidth=\dimen262
\lst@column=\count337
\lst@pos=\count338
\lst@lostspace=\dimen263
\lst@width=\dimen264
\lst@newlines=\count339
\lst@lineno=\count340
\lst@maxwidth=\dimen265
 (/usr/local/texlive/2025/texmf-dist/tex/latex/listings/lstpatch.sty
File: lstpatch.sty 2025/11/14 1.11b (Carsten Heinz)
) (/usr/local/texlive/2025/texmf-dist/tex/latex/listings/lstmisc.sty
File: lstmisc.sty 2025/11/14 1.11b (Carsten Heinz)
\c@lstnumber=\count341
\lst@skipnumbers=\count342
\lst@framebox=\box60
) (/usr/local/texlive/2025/texmf-dist/tex/latex/listings/listings.cfg
File: listings.cfg 2025/11/14 1.11b listings configuration
))
Package: listings 2025/11/14 1.11b (Carsten Heinz)

==> First Aid for listings.sty no longer applied!
    Expected:
        2024/09/23 1.10c (Carsten Heinz)
    but found:
        2025/11/14 1.11b (Carsten Heinz)
    so I'm assuming it got fixed.
(/usr/local/texlive/2025/texmf-dist/tex/latex/l3backend/l3backend-pdftex.def
File: l3backend-pdftex.def 2025-10-09 L3 backend support: PDF output (pdfTeX)
\l__color_backend_stack_int=\count343
) (./SML_main_report.aux)
\openout1 = `SML_main_report.aux'.

LaTeX Font Info:    Checking defaults for OML/cmm/m/it on input line 62.
LaTeX Font Info:    ... okay on input line 62.
LaTeX Font Info:    Checking defaults for OMS/cmsy/m/n on input line 62.
LaTeX Font Info:    ... okay on input line 62.
LaTeX Font Info:    Checking defaults for OT1/cmr/m/n on input line 62.
LaTeX Font Info:    ... okay on input line 62.
LaTeX Font Info:    Checking defaults for T1/cmr/m/n on input line 62.
LaTeX Font Info:    ... okay on input line 62.
LaTeX Font Info:    Checking defaults for TS1/cmr/m/n on input line 62.
LaTeX Font Info:    ... okay on input line 62.
LaTeX Font Info:    Checking defaults for OMX/cmex/m/n on input line 62.
LaTeX Font Info:    ... okay on input line 62.
LaTeX Font Info:    Checking defaults for U/cmr/m/n on input line 62.
LaTeX Font Info:    ... okay on input line 62.
LaTeX Font Info:    Checking defaults for PD1/pdf/m/n on input line 62.
LaTeX Font Info:    ... okay on input line 62.
LaTeX Font Info:    Checking defaults for PU/pdf/m/n on input line 62.
LaTeX Font Info:    ... okay on input line 62.

*geometry* driver: auto-detecting
*geometry* detected driver: pdftex
*geometry* verbose mode - [ preamble ] result:
* driver: pdftex
* paper: letterpaper
* layout: <same size as paper>
* layoutoffset:(h,v)=(0.0pt,0.0pt)
* modes: 
* h-part:(L,W,R)=(92.14519pt, 430.00462pt, 92.14519pt)
* v-part:(T,H,B)=(95.39737pt, 556.47656pt, 143.09605pt)
* \paperwidth=614.295pt
* \paperheight=794.96999pt
* \textwidth=430.00462pt
* \textheight=556.47656pt
* \oddsidemargin=19.8752pt
* \evensidemargin=19.8752pt
* \topmargin=-13.87262pt
* \headheight=12.0pt
* \headsep=25.0pt
* \topskip=10.0pt
* \footskip=30.0pt
* \marginparwidth=65.0pt
* \marginparsep=11.0pt
* \columnsep=10.0pt
* \skip\footins=9.0pt plus 4.0pt minus 2.0pt
* \hoffset=0.0pt
* \voffset=0.0pt
* \mag=1000
* \@twocolumnfalse
* \@twosidefalse
* \@mparswitchfalse
* \@reversemarginfalse
* (1in=72.27pt=25.4mm, 1cm=28.453pt)

*geometry* verbose mode - [ newgeometry ] result:
* driver: pdftex
* paper: letterpaper
* layout: <same size as paper>
* layoutoffset:(h,v)=(0.0pt,0.0pt)
* modes: 
* h-part:(L,W,R)=(108.405pt, 397.48499pt, 108.40501pt)
* v-part:(T,H,B)=(72.26999pt, 650.43pt, 72.27pt)
* \paperwidth=614.295pt
* \paperheight=794.96999pt
* \textwidth=397.48499pt
* \textheight=650.43pt
* \oddsidemargin=36.13501pt
* \evensidemargin=36.13501pt
* \topmargin=-37.0pt
* \headheight=12.0pt
* \headsep=25.0pt
* \topskip=10.0pt
* \footskip=30.0pt
* \marginparwidth=65.0pt
* \marginparsep=11.0pt
* \columnsep=10.0pt
* \skip\footins=9.0pt plus 4.0pt minus 2.0pt
* \hoffset=0.0pt
* \voffset=0.0pt
* \mag=1000
* \@twocolumnfalse
* \@twosidefalse
* \@mparswitchfalse
* \@reversemarginfalse
* (1in=72.27pt=25.4mm, 1cm=28.453pt)

(/usr/local/texlive/2025/texmf-dist/tex/context/base/mkii/supp-pdf.mkii
[Loading MPS to PDF converter (version 2006.09.02).]
\scratchcounter=\count344
\scratchdimen=\dimen266
\scratchbox=\box61
\nofMPsegments=\count345
\nofMParguments=\count346
\everyMPshowfont=\toks35
\MPscratchCnt=\count347
\MPscratchDim=\dimen267
\MPnumerator=\count348
\makeMPintoPDFobject=\count349
\everyMPtoPDFconversion=\toks36
) (/usr/local/texlive/2025/texmf-dist/tex/latex/epstopdf-pkg/epstopdf-base.sty
Package: epstopdf-base 2020-01-24 v2.11 Base part for package epstopdf
Package epstopdf-base Info: Redefining graphics rule for `.eps' on input line 485.
 (/usr/local/texlive/2025/texmf-dist/tex/latex/latexconfig/epstopdf-sys.cfg
File: epstopdf-sys.cfg 2010/07/13 v1.3 Configuration of (r)epstopdf for TeX Live
)) (/usr/local/texlive/2025/texmf-dist/tex/latex/pdflscape/pdflscape.sty
Package: pdflscape 2025-06-23 v0.14 Display of landscape pages in PDF
 (/usr/local/texlive/2025/texmf-dist/tex/latex/pdflscape/pdflscape-nometadata.sty
Package: pdflscape-nometadata 2025-06-23 v0.14 Display of landscape pages in PDF (HO)
 (/usr/local/texlive/2025/texmf-dist/tex/latex/graphics/lscape.sty
Package: lscape 2020/05/28 v3.02 Landscape Pages (DPC)
)
Package pdflscape Info: Auto-detected driver: pdftex on input line 81.
))
Package caption Info: Begin \AtBeginDocument code.
Package caption Info: hyperref package is loaded.
Package caption Info: listings package is loaded.
Package caption Info: End \AtBeginDocument code.
Package hyperref Info: Link coloring OFF on input line 62.
\@outlinefile=\write3
\openout3 = `SML_main_report.out'.

LaTeX Info: Redefining \microtypecontext on input line 62.
Package microtype Info: Applying patch `item' on input line 62.
Package microtype Info: Applying patch `toc' on input line 62.
Package microtype Info: Applying patch `eqnum' on input line 62.
Package microtype Info: Applying patch `footnote' on input line 62.
Package microtype Info: Applying patch `verbatim' on input line 62.
LaTeX Info: Redefining \microtypesetup on input line 62.
Package microtype Info: Generating PDF output.
Package microtype Info: Character protrusion enabled (level 2).
Package microtype Info: Using default protrusion set `alltext'.
Package microtype Info: Automatic font expansion enabled (level 2),
(microtype)             stretch: 20, shrink: 20, step: 1, non-selected.
Package microtype Info: Using default expansion set `alltext-nott'.
Package microtype Info: Patching command `\showhyphens'.
Package microtype Info: No adjustment of tracking.
Package microtype Info: No adjustment of interword spacing.
Package microtype Info: No adjustment of character kerning.
 (/usr/local/texlive/2025/texmf-dist/tex/latex/microtype/mt-ptm.cfg
File: mt-ptm.cfg 2006/04/20 v1.7 microtype config. file: Times (RS)
)
\c@lstlisting=\count350
 (/usr/local/texlive/2025/texmf-dist/tex/latex/microtype/mt-cmr.cfg
File: mt-cmr.cfg 2013/05/19 v2.2 microtype config. file: Computer Modern Roman (RS)
)
LaTeX Font Info:    Trying to load font information for U+msa on input line 66.
 (/usr/local/texlive/2025/texmf-dist/tex/latex/amsfonts/umsa.fd
File: umsa.fd 2013/01/14 v3.01 AMS symbols A
) (/usr/local/texlive/2025/texmf-dist/tex/latex/microtype/mt-msa.cfg
File: mt-msa.cfg 2006/02/04 v1.1 microtype config. file: AMS symbols (a) (RS)
)
LaTeX Font Info:    Trying to load font information for U+msb on input line 66.
 (/usr/local/texlive/2025/texmf-dist/tex/latex/amsfonts/umsb.fd
File: umsb.fd 2013/01/14 v3.01 AMS symbols B
) (/usr/local/texlive/2025/texmf-dist/tex/latex/microtype/mt-msb.cfg
File: mt-msb.cfg 2005/06/01 v1.0 microtype config. file: AMS symbols (b) (RS)
)
Package microtype Info: Loading generic protrusion settings for font family
(microtype)             `cmtt' (encoding: T1).
(microtype)             For optimal results, create family-specific settings.
(microtype)             See the microtype manual for details.
LaTeX Font Info:    Trying to load font information for T1+phv on input line 68.
 (/usr/local/texlive/2025/texmf-dist/tex/latex/psnfss/t1phv.fd
File: t1phv.fd 2020/03/25 scalable font definitions for T1/phv.
)
Package microtype Info: Loading generic protrusion settings for font family
(microtype)             `phv' (encoding: T1).
(microtype)             For optimal results, create family-specific settings.
(microtype)             See the microtype manual for details.
 [1


{/usr/local/texlive/2025/texmf-var/fonts/map/pdftex/updmap/pdftex.map}{/usr/local/texlive/2025/texmf-dist/fonts/enc/dvips/base/8r.enc}{/usr/local/texlive/2025/texmf-dist/fonts/enc/dvips/cm-super/cm-super-t1.enc}]
LaTeX Font Info:    Trying to load font information for TS1+ptm on input line 98.
 (/usr/local/texlive/2025/texmf-dist/tex/latex/psnfss/ts1ptm.fd
File: ts1ptm.fd 2001/06/04 font definitions for TS1/ptm.
)

/Users/muhammadaufahelfiandri/Documents/SML_project_template/SML_main_report.tex:102: LaTeX Error: Command \bfseries invalid in math mode.

See the LaTeX manual or LaTeX Companion for explanation.
Type  H <return>  for immediate help.
 ...                                              
                                                  
l.102         \cite{tds-cyclical-data}
                                      
Please use the math alphabet \mathbf instead of the \bfseries command. 


Package natbib Warning: Citation `tds-cyclical-data' on page 2 undefined on input line 102.


/Users/muhammadaufahelfiandri/Documents/SML_project_template/SML_main_report.tex:106: LaTeX Error: Command \bfseries invalid in math mode.

See the LaTeX manual or LaTeX Companion for explanation.
Type  H <return>  for immediate help.
 ...                                              
                                                  
l.106         \cite{tds-cyclical-data}
                                      
Please use the math alphabet \mathbf instead of the \bfseries command. 


Package natbib Warning: Citation `tds-cyclical-data' on page 2 undefined on input line 106.


Package natbib Warning: Citation `tds-cyclical-data' on page 2 undefined on input line 110.


LaTeX Warning: Reference `processed-features-table' on page 2 undefined on input line 112.


Underfull \hbox (badness 10000) in paragraph at lines 139--139
[]\T1/ptm/m/n/10 (+20) increase_stock
 []

[2]

LaTeX Warning: Reference `correlation-table' on page 3 undefined on input line 150.


Package natbib Warning: Citation `smlbook' on page 3 undefined on input line 184.


Package natbib Warning: Citation `JMLR:v18:16-365' on page 3 undefined on input line 186.


Underfull \vbox (badness 10000) has occurred while \output is active []

 [3]

Package natbib Warning: Citation `scikit-learn' on page 4 undefined on input line 197.


Package natbib Warning: Citation `smlbook' on page 4 undefined on input line 200.


Package natbib Warning: Citation `smlbook' on page 4 undefined on input line 204.


Package natbib Warning: Citation `smlbook' on page 4 undefined on input line 207.


/Users/muhammadaufahelfiandri/Documents/SML_project_template/SML_main_report.tex:212: LaTeX Error: Command \bfseries invalid in math mode.

See the LaTeX manual or LaTeX Companion for explanation.
Type  H <return>  for immediate help.
 ...                                              
                                                  
l.212     \cite{scikit-learn}
                             
Please use the math alphabet \mathbf instead of the \bfseries command. 


Package natbib Warning: Citation `scikit-learn' on page 4 undefined on input line 212.


Package natbib Warning: Citation `smlbook' on page 4 undefined on input line 221.


Package natbib Warning: Citation `scikit-learn' on page 4 undefined on input line 223.


/Users/muhammadaufahelfiandri/Documents/SML_project_template/SML_main_report.tex:226: LaTeX Error: Command \bfseries invalid in math mode.

See the LaTeX manual or LaTeX Companion for explanation.
Type  H <return>  for immediate help.
 ...                                              
                                                  
l.226 ...P(x|y=k)P(y=k)}{P(x)} \cite{scikit-learn}
                                                  
Please use the math alphabet \mathbf instead of the \bfseries command. 


Package natbib Warning: Citation `scikit-learn' on page 4 undefined on input line 226.

[4]

/Users/muhammadaufahelfiandri/Documents/SML_project_template/SML_main_report.tex:233: LaTeX Error: Command \bfseries invalid in math mode.

See the LaTeX manual or LaTeX Companion for explanation.
Type  H <return>  for immediate help.
 ...                                              
                                                  
l.233 \cite{scikit-learn}
                         
Please use the math alphabet \mathbf instead of the \bfseries command. 


Package natbib Warning: Citation `scikit-learn' on page 5 undefined on input line 233.


/Users/muhammadaufahelfiandri/Documents/SML_project_template/SML_main_report.tex:242: LaTeX Error: Command \bfseries invalid in math mode.

See the LaTeX manual or LaTeX Companion for explanation.
Type  H <return>  for immediate help.
 ...                                              
                                                  
l.242 \cite{scikit-learn}
                         
Please use the math alphabet \mathbf instead of the \bfseries command. 


Package natbib Warning: Citation `scikit-learn' on page 5 undefined on input line 242.


/Users/muhammadaufahelfiandri/Documents/SML_project_template/SML_main_report.tex:248: LaTeX Error: Command \bfseries invalid in math mode.

See the LaTeX manual or LaTeX Companion for explanation.
Type  H <return>  for immediate help.
 ...                                              
                                                  
l.248 \cite{scikit-learn}
                         
Please use the math alphabet \mathbf instead of the \bfseries command. 


Package natbib Warning: Citation `scikit-learn' on page 5 undefined on input line 248.


Package natbib Warning: Citation `scikit-learn' on page 5 undefined on input line 251.


Package natbib Warning: Citation `scikit-learn' on page 5 undefined on input line 254.


/Users/muhammadaufahelfiandri/Documents/SML_project_template/SML_main_report.tex:270: LaTeX Error: Command \bfseries invalid in math mode.

See the LaTeX manual or LaTeX Companion for explanation.
Type  H <return>  for immediate help.
 ...                                              
                                                  
l.270     \cite{scikit-learn}
                             
Please use the math alphabet \mathbf instead of the \bfseries command. 


Package natbib Warning: Citation `scikit-learn' on page 5 undefined on input line 270.


Package natbib Warning: Citation `scikit-learn' on page 5 undefined on input line 276.


/Users/muhammadaufahelfiandri/Documents/SML_project_template/SML_main_report.tex:280: LaTeX Error: Command \bfseries invalid in math mode.

See the LaTeX manual or LaTeX Companion for explanation.
Type  H <return>  for immediate help.
 ...                                              
                                                  
l.280 ...}^{c} p_i \log_2(p_i) \cite{scikit-learn}
                                                  
Please use the math alphabet \mathbf instead of the \bfseries command. 


Package natbib Warning: Citation `scikit-learn' on page 5 undefined on input line 280.

[5]

Package natbib Warning: Citation `scikit-learn' on page 6 undefined on input line 301.


Package natbib Warning: Citation `scikit-learn' on page 6 undefined on input line 304.


/Users/muhammadaufahelfiandri/Documents/SML_project_template/SML_main_report.tex:325: LaTeX Error: Command \bfseries invalid in math mode.

See the LaTeX manual or LaTeX Companion for explanation.
Type  H <return>  for immediate help.
 ...                                              
                                                  
l.325     \cite{scikit-learn}
                             
Please use the math alphabet \mathbf instead of the \bfseries command. 


Package natbib Warning: Citation `scikit-learn' on page 6 undefined on input line 325.


Package natbib Warning: Citation `smlbook' on page 6 undefined on input line 332.

[6]

LaTeX Warning: Reference `results-table' on page 7 undefined on input line 336.

[7]
No file SML_main_report.bbl.
<Experiment.pdf, id=69, 614.295pt x 794.97pt>
File: Experiment.pdf Graphic file (type pdf)
<use Experiment.pdf>
Package pdftex.def Info: Experiment.pdf  used on input line 385.
(pdftex.def)             Requested size: 614.29349pt x 794.96806pt.
<Experiment.pdf, id=71, page=1, 614.295pt x 794.97pt>
File: Experiment.pdf Graphic file (type pdf)
<use Experiment.pdf, page 1>
Package pdftex.def Info: Experiment.pdf , page1 used on input line 385.
(pdftex.def)             Requested size: 614.29349pt x 794.96806pt.
File: Experiment.pdf Graphic file (type pdf)
<use Experiment.pdf, page 1>
Package pdftex.def Info: Experiment.pdf , page1 used on input line 385.
(pdftex.def)             Requested size: 614.58406pt x 795.3441pt.
File: Experiment.pdf Graphic file (type pdf)
<use Experiment.pdf, page 1>
Package pdftex.def Info: Experiment.pdf , page1 used on input line 385.
(pdftex.def)             Requested size: 614.58406pt x 795.3441pt.
File: Experiment.pdf Graphic file (type pdf)
<use Experiment.pdf, page 1>
Package pdftex.def Info: Experiment.pdf , page1 used on input line 385.
(pdftex.def)             Requested size: 614.58406pt x 795.3441pt.
File: Experiment.pdf Graphic file (type pdf)
<use Experiment.pdf, page 1>
Package pdftex.def Info: Experiment.pdf , page1 used on input line 385.
(pdftex.def)             Requested size: 614.58406pt x 795.3441pt.
[8

 <./Experiment.pdf>]
<Experiment.pdf, id=119, page=2, 614.295pt x 794.97pt>
File: Experiment.pdf Graphic file (type pdf)
<use Experiment.pdf, page 2>
Package pdftex.def Info: Experiment.pdf , page2 used on input line 385.
(pdftex.def)             Requested size: 614.58406pt x 795.3441pt.
File: Experiment.pdf Graphic file (type pdf)
<use Experiment.pdf, page 2>
Package pdftex.def Info: Experiment.pdf , page2 used on input line 385.
(pdftex.def)             Requested size: 614.58406pt x 795.3441pt.
File: Experiment.pdf Graphic file (type pdf)
<use Experiment.pdf, page 2>
Package pdftex.def Info: Experiment.pdf , page2 used on input line 385.
(pdftex.def)             Requested size: 614.58406pt x 795.3441pt.
 [9

 <./Experiment.pdf>]
<Experiment.pdf, id=138, page=3, 614.295pt x 794.97pt>
File: Experiment.pdf Graphic file (type pdf)
<use Experiment.pdf, page 3>
Package pdftex.def Info: Experiment.pdf , page3 used on input line 385.
(pdftex.def)             Requested size: 614.58406pt x 795.3441pt.
File: Experiment.pdf Graphic file (type pdf)
<use Experiment.pdf, page 3>
Package pdftex.def Info: Experiment.pdf , page3 used on input line 385.
(pdftex.def)             Requested size: 614.58406pt x 795.3441pt.
File: Experiment.pdf Graphic file (type pdf)
<use Experiment.pdf, page 3>
Package pdftex.def Info: Experiment.pdf , page3 used on input line 385.
(pdftex.def)             Requested size: 614.58406pt x 795.3441pt.
 [10

 <./Experiment.pdf>]
<Experiment.pdf, id=143, page=4, 614.295pt x 794.97pt>
File: Experiment.pdf Graphic file (type pdf)
<use Experiment.pdf, page 4>
Package pdftex.def Info: Experiment.pdf , page4 used on input line 385.
(pdftex.def)             Requested size: 614.58406pt x 795.3441pt.
File: Experiment.pdf Graphic file (type pdf)
<use Experiment.pdf, page 4>
Package pdftex.def Info: Experiment.pdf , page4 used on input line 385.
(pdftex.def)             Requested size: 614.58406pt x 795.3441pt.
File: Experiment.pdf Graphic file (type pdf)
<use Experiment.pdf, page 4>
Package pdftex.def Info: Experiment.pdf , page4 used on input line 385.
(pdftex.def)             Requested size: 614.58406pt x 795.3441pt.
 [11

 <./Experiment.pdf>]
<Experiment.pdf, id=148, page=5, 614.295pt x 794.97pt>
File: Experiment.pdf Graphic file (type pdf)
<use Experiment.pdf, page 5>
Package pdftex.def Info: Experiment.pdf , page5 used on input line 385.
(pdftex.def)             Requested size: 614.58406pt x 795.3441pt.
File: Experiment.pdf Graphic file (type pdf)
<use Experiment.pdf, page 5>
Package pdftex.def Info: Experiment.pdf , page5 used on input line 385.
(pdftex.def)             Requested size: 614.58406pt x 795.3441pt.
File: Experiment.pdf Graphic file (type pdf)
<use Experiment.pdf, page 5>
Package pdftex.def Info: Experiment.pdf , page5 used on input line 385.
(pdftex.def)             Requested size: 614.58406pt x 795.3441pt.
 [12

 <./Experiment.pdf>]
<Experiment.pdf, id=167, page=6, 614.295pt x 794.97pt>
File: Experiment.pdf Graphic file (type pdf)
<use Experiment.pdf, page 6>
Package pdftex.def Info: Experiment.pdf , page6 used on input line 385.
(pdftex.def)             Requested size: 614.58406pt x 795.3441pt.
File: Experiment.pdf Graphic file (type pdf)
<use Experiment.pdf, page 6>
Package pdftex.def Info: Experiment.pdf , page6 used on input line 385.
(pdftex.def)             Requested size: 614.58406pt x 795.3441pt.
File: Experiment.pdf Graphic file (type pdf)
<use Experiment.pdf, page 6>
Package pdftex.def Info: Experiment.pdf , page6 used on input line 385.
(pdftex.def)             Requested size: 614.58406pt x 795.3441pt.
 [13

 <./Experiment.pdf>]
<Experiment.pdf, id=174, page=7, 614.295pt x 794.97pt>
File: Experiment.pdf Graphic file (type pdf)
<use Experiment.pdf, page 7>
Package pdftex.def Info: Experiment.pdf , page7 used on input line 385.
(pdftex.def)             Requested size: 614.58406pt x 795.3441pt.
File: Experiment.pdf Graphic file (type pdf)
<use Experiment.pdf, page 7>
Package pdftex.def Info: Experiment.pdf , page7 used on input line 385.
(pdftex.def)             Requested size: 614.58406pt x 795.3441pt.
File: Experiment.pdf Graphic file (type pdf)
<use Experiment.pdf, page 7>
Package pdftex.def Info: Experiment.pdf , page7 used on input line 385.
(pdftex.def)             Requested size: 614.58406pt x 795.3441pt.
 [14

 <./Experiment.pdf>]
<Experiment.pdf, id=179, page=8, 614.295pt x 794.97pt>
File: Experiment.pdf Graphic file (type pdf)
<use Experiment.pdf, page 8>
Package pdftex.def Info: Experiment.pdf , page8 used on input line 385.
(pdftex.def)             Requested size: 614.58406pt x 795.3441pt.
File: Experiment.pdf Graphic file (type pdf)
<use Experiment.pdf, page 8>
Package pdftex.def Info: Experiment.pdf , page8 used on input line 385.
(pdftex.def)             Requested size: 614.58406pt x 795.3441pt.
File: Experiment.pdf Graphic file (type pdf)
<use Experiment.pdf, page 8>
Package pdftex.def Info: Experiment.pdf , page8 used on input line 385.
(pdftex.def)             Requested size: 614.58406pt x 795.3441pt.
 [15

 <./Experiment.pdf>]
<Experiment.pdf, id=184, page=9, 614.295pt x 794.97pt>
File: Experiment.pdf Graphic file (type pdf)
<use Experiment.pdf, page 9>
Package pdftex.def Info: Experiment.pdf , page9 used on input line 385.
(pdftex.def)             Requested size: 614.58406pt x 795.3441pt.
File: Experiment.pdf Graphic file (type pdf)
<use Experiment.pdf, page 9>
Package pdftex.def Info: Experiment.pdf , page9 used on input line 385.
(pdftex.def)             Requested size: 614.58406pt x 795.3441pt.
File: Experiment.pdf Graphic file (type pdf)
<use Experiment.pdf, page 9>
Package pdftex.def Info: Experiment.pdf , page9 used on input line 385.
(pdftex.def)             Requested size: 614.58406pt x 795.3441pt.
 [16

 <./Experiment.pdf>]
<Experiment.pdf, id=189, page=10, 614.295pt x 794.97pt>
File: Experiment.pdf Graphic file (type pdf)
<use Experiment.pdf, page 10>
Package pdftex.def Info: Experiment.pdf , page10 used on input line 385.
(pdftex.def)             Requested size: 614.58406pt x 795.3441pt.
File: Experiment.pdf Graphic file (type pdf)
<use Experiment.pdf, page 10>
Package pdftex.def Info: Experiment.pdf , page10 used on input line 385.
(pdftex.def)             Requested size: 614.58406pt x 795.3441pt.
File: Experiment.pdf Graphic file (type pdf)
<use Experiment.pdf, page 10>
Package pdftex.def Info: Experiment.pdf , page10 used on input line 385.
(pdftex.def)             Requested size: 614.58406pt x 795.3441pt.
 [17

 <./Experiment.pdf>]
<Experiment.pdf, id=194, page=11, 614.295pt x 794.97pt>
File: Experiment.pdf Graphic file (type pdf)
<use Experiment.pdf, page 11>
Package pdftex.def Info: Experiment.pdf , page11 used on input line 385.
(pdftex.def)             Requested size: 614.58406pt x 795.3441pt.
File: Experiment.pdf Graphic file (type pdf)
<use Experiment.pdf, page 11>
Package pdftex.def Info: Experiment.pdf , page11 used on input line 385.
(pdftex.def)             Requested size: 614.58406pt x 795.3441pt.
File: Experiment.pdf Graphic file (type pdf)
<use Experiment.pdf, page 11>
Package pdftex.def Info: Experiment.pdf , page11 used on input line 385.
(pdftex.def)             Requested size: 614.58406pt x 795.3441pt.
 [18

 <./Experiment.pdf>]
<Experiment.pdf, id=199, page=12, 614.295pt x 794.97pt>
File: Experiment.pdf Graphic file (type pdf)
<use Experiment.pdf, page 12>
Package pdftex.def Info: Experiment.pdf , page12 used on input line 385.
(pdftex.def)             Requested size: 614.58406pt x 795.3441pt.
File: Experiment.pdf Graphic file (type pdf)
<use Experiment.pdf, page 12>
Package pdftex.def Info: Experiment.pdf , page12 used on input line 385.
(pdftex.def)             Requested size: 614.58406pt x 795.3441pt.
File: Experiment.pdf Graphic file (type pdf)
<use Experiment.pdf, page 12>
Package pdftex.def Info: Experiment.pdf , page12 used on input line 385.
(pdftex.def)             Requested size: 614.58406pt x 795.3441pt.
 [19

 <./Experiment.pdf>]
<Experiment.pdf, id=205, page=13, 614.295pt x 794.97pt>
File: Experiment.pdf Graphic file (type pdf)
<use Experiment.pdf, page 13>
Package pdftex.def Info: Experiment.pdf , page13 used on input line 385.
(pdftex.def)             Requested size: 614.58406pt x 795.3441pt.
File: Experiment.pdf Graphic file (type pdf)
<use Experiment.pdf, page 13>
Package pdftex.def Info: Experiment.pdf , page13 used on input line 385.
(pdftex.def)             Requested size: 614.58406pt x 795.3441pt.
File: Experiment.pdf Graphic file (type pdf)
<use Experiment.pdf, page 13>
Package pdftex.def Info: Experiment.pdf , page13 used on input line 385.
(pdftex.def)             Requested size: 614.58406pt x 795.3441pt.
 [20

 <./Experiment.pdf>]
<Experiment.pdf, id=210, page=14, 614.295pt x 794.97pt>
File: Experiment.pdf Graphic file (type pdf)
<use Experiment.pdf, page 14>
Package pdftex.def Info: Experiment.pdf , page14 used on input line 385.
(pdftex.def)             Requested size: 614.58406pt x 795.3441pt.
File: Experiment.pdf Graphic file (type pdf)
<use Experiment.pdf, page 14>
Package pdftex.def Info: Experiment.pdf , page14 used on input line 385.
(pdftex.def)             Requested size: 614.58406pt x 795.3441pt.
File: Experiment.pdf Graphic file (type pdf)
<use Experiment.pdf, page 14>
Package pdftex.def Info: Experiment.pdf , page14 used on input line 385.
(pdftex.def)             Requested size: 614.58406pt x 795.3441pt.
 [21

 <./Experiment.pdf>]
<Experiment.pdf, id=215, page=15, 614.295pt x 794.97pt>
File: Experiment.pdf Graphic file (type pdf)
<use Experiment.pdf, page 15>
Package pdftex.def Info: Experiment.pdf , page15 used on input line 385.
(pdftex.def)             Requested size: 614.58406pt x 795.3441pt.
File: Experiment.pdf Graphic file (type pdf)
<use Experiment.pdf, page 15>
Package pdftex.def Info: Experiment.pdf , page15 used on input line 385.
(pdftex.def)             Requested size: 614.58406pt x 795.3441pt.
File: Experiment.pdf Graphic file (type pdf)
<use Experiment.pdf, page 15>
Package pdftex.def Info: Experiment.pdf , page15 used on input line 385.
(pdftex.def)             Requested size: 614.58406pt x 795.3441pt.
 [22

 <./Experiment.pdf>]
<Experiment.pdf, id=220, page=16, 614.295pt x 794.97pt>
File: Experiment.pdf Graphic file (type pdf)
<use Experiment.pdf, page 16>
Package pdftex.def Info: Experiment.pdf , page16 used on input line 385.
(pdftex.def)             Requested size: 614.58406pt x 795.3441pt.
File: Experiment.pdf Graphic file (type pdf)
<use Experiment.pdf, page 16>
Package pdftex.def Info: Experiment.pdf , page16 used on input line 385.
(pdftex.def)             Requested size: 614.58406pt x 795.3441pt.
File: Experiment.pdf Graphic file (type pdf)
<use Experiment.pdf, page 16>
Package pdftex.def Info: Experiment.pdf , page16 used on input line 385.
(pdftex.def)             Requested size: 614.58406pt x 795.3441pt.
 [23

 <./Experiment.pdf>]
<Experiment.pdf, id=225, page=17, 614.295pt x 794.97pt>
File: Experiment.pdf Graphic file (type pdf)
<use Experiment.pdf, page 17>
Package pdftex.def Info: Experiment.pdf , page17 used on input line 385.
(pdftex.def)             Requested size: 614.58406pt x 795.3441pt.
File: Experiment.pdf Graphic file (type pdf)
<use Experiment.pdf, page 17>
Package pdftex.def Info: Experiment.pdf , page17 used on input line 385.
(pdftex.def)             Requested size: 614.58406pt x 795.3441pt.
File: Experiment.pdf Graphic file (type pdf)
<use Experiment.pdf, page 17>
Package pdftex.def Info: Experiment.pdf , page17 used on input line 385.
(pdftex.def)             Requested size: 614.58406pt x 795.3441pt.
 [24

 <./Experiment.pdf>]

Package natbib Warning: There were undefined citations.

(./SML_main_report.aux)
 ***********
LaTeX2e <2025-11-01>
L3 programming layer <2025-11-14>
 ***********


LaTeX Warning: There were undefined references.


LaTeX Warning: Label(s) may have changed. Rerun to get cross-references right.


Package rerunfilecheck Warning: File `SML_main_report.out' has changed.
(rerunfilecheck)                Rerun to get outlines right
(rerunfilecheck)                or use package `bookmark'.

Package rerunfilecheck Info: Checksums for `SML_main_report.out':
(rerunfilecheck)             Before: <no file>
(rerunfilecheck)             After:  A38C8DF1DF91702CBC75C65BB1FCE209;2546.
 ) 
Here is how much of TeX's memory you used:
 17294 strings out of 467538
 275381 string characters out of 5419545
 738804 words of memory out of 5000000
 45726 multiletter control sequences out of 15000+600000
 665998 words of font info for 194 fonts, out of 8000000 for 9000
 1141 hyphenation exceptions out of 8191
 72i,17n,90p,1073b,607s stack positions out of 10000i,1000n,20000p,200000b,200000s
</usr/local/texlive/2025/texmf-dist/fonts/type1/public/amsfonts/cm/cmex10.pfb></usr/local/texlive/2025/texmf-dist/fonts/type1/public/amsfonts/cm/cmmi10.pfb></usr/local/texlive/2025/texmf-dist/fonts/type1/public/amsfonts/cm/cmmi5.pfb></usr/local/texlive/2025/texmf-dist/fonts/type1/public/amsfonts/cm/cmmi7.pfb></usr/local/texlive/2025/texmf-dist/fonts/type1/public/amsfonts/cm/cmr10.pfb></usr/local/texlive/2025/texmf-dist/fonts/type1/public/amsfonts/cm/cmr5.pfb></usr/local/texlive/2025/texmf-dist/fonts/type1/public/amsfonts/cm/cmr7.pfb></usr/local/texlive/2025/texmf-dist/fonts/type1/public/amsfonts/cm/cmsy10.pfb></usr/local/texlive/2025/texmf-dist/fonts/type1/public/amsfonts/cm/cmsy7.pfb></usr/local/texlive/2025/texmf-dist/fonts/type1/public/amsfonts/symbols/msbm10.pfb></usr/local/texlive/2025/texmf-dist/fonts/type1/public/cm-super/sftt1000.pfb></usr/local/texlive/2025/texmf-dist/fonts/type1/urw/helvetic/uhvr8a.pfb></usr/local/texlive/2025/texmf-dist/fonts/type1/urw/times/utmb8a.pfb></usr/local/texlive/2025/texmf-dist/fonts/type1/urw/times/utmr8a.pfb></usr/local/texlive/2025/texmf-dist/fonts/type1/urw/times/utmri8a.pfb>
Output written on SML_main_report.pdf (24 pages, 290727 bytes).
PDF statistics:
 307 PDF objects out of 1000 (max. 8388607)
 200 compressed objects within 2 object streams
 45 named destinations out of 1000 (max. 500000)
 41056 words of extra memory for PDF output out of 42996 (max. 10000000)

